<?xml version="1.0" encoding="UTF-8"?>
<testsuite xmlns:xsi="http://www.w3.org/2001/XMLSchema-instance" xsi:noNamespaceSchemaLocation="https://maven.apache.org/surefire/maven-surefire-plugin/xsd/surefire-test-report.xsd" name="cesar.school.agile.unit.project.TestEmail" time="0.121" tests="13" errors="0" skipped="0" failures="0">
  <properties>
    <property name="sun.desktop" value="windows"/>
    <property name="awt.toolkit" value="sun.awt.windows.WToolkit"/>
    <property name="java.specification.version" value="10"/>
    <property name="file.encoding.pkg" value="sun.io"/>
    <property name="sun.cpu.isalist" value="amd64"/>
    <property name="sun.jnu.encoding" value="Cp1252"/>
    <property name="java.class.path" value="C:\Users\marilia.santos\IdeaProjects\unittester\target\test-classes;C:\Users\marilia.santos\IdeaProjects\unittester\target\classes;C:\Users\marilia.santos\.m2\repository\org\junit\jupiter\junit-jupiter-api\5.2.0\junit-jupiter-api-5.2.0.jar;C:\Users\marilia.santos\.m2\repository\org\apiguardian\apiguardian-api\1.0.0\apiguardian-api-1.0.0.jar;C:\Users\marilia.santos\.m2\repository\org\opentest4j\opentest4j\1.1.0\opentest4j-1.1.0.jar;C:\Users\marilia.santos\.m2\repository\org\junit\platform\junit-platform-commons\1.2.0\junit-platform-commons-1.2.0.jar;C:\Users\marilia.santos\.m2\repository\org\mockito\mockito-core\2.22.0\mockito-core-2.22.0.jar;C:\Users\marilia.santos\.m2\repository\net\bytebuddy\byte-buddy\1.8.21\byte-buddy-1.8.21.jar;C:\Users\marilia.santos\.m2\repository\net\bytebuddy\byte-buddy-agent\1.8.21\byte-buddy-agent-1.8.21.jar;C:\Users\marilia.santos\.m2\repository\org\objenesis\objenesis\2.6\objenesis-2.6.jar;C:\Users\marilia.santos\.m2\repository\junit\junit\4.12\junit-4.12.jar;C:\Users\marilia.santos\.m2\repository\org\hamcrest\hamcrest-core\1.3\hamcrest-core-1.3.jar;"/>
    <property name="java.vm.vendor" value="&quot;Oracle Corporation&quot;"/>
    <property name="sun.arch.data.model" value="64"/>
    <property name="user.variant" value=""/>
    <property name="java.vendor.url" value="http://java.oracle.com/"/>
    <property name="user.timezone" value="GMT-03:00"/>
    <property name="user.country.format" value="BR"/>
    <property name="java.vm.specification.version" value="10"/>
    <property name="os.name" value="Windows 10"/>
    <property name="sun.java.launcher" value="SUN_STANDARD"/>
    <property name="user.country" value="US"/>
    <property name="sun.boot.library.path" value="C:\Program Files\Java\jdk-10.0.2\bin"/>
    <property name="sun.java.command" value="C:\Users\MARILI~1.SAN\AppData\Local\Temp\surefire14682619204799291511\surefirebooter3097938355767654361.jar C:\Users\marilia.santos\AppData\Local\Temp\surefire14682619204799291511 2018-09-22T00-17-41_878-jvmRun1 surefire219270966474040374tmp surefire_015551762940384334650tmp"/>
    <property name="jdk.debug" value="release"/>
    <property name="surefire.test.class.path" value="C:\Users\marilia.santos\IdeaProjects\unittester\target\test-classes;C:\Users\marilia.santos\IdeaProjects\unittester\target\classes;C:\Users\marilia.santos\.m2\repository\org\junit\jupiter\junit-jupiter-api\5.2.0\junit-jupiter-api-5.2.0.jar;C:\Users\marilia.santos\.m2\repository\org\apiguardian\apiguardian-api\1.0.0\apiguardian-api-1.0.0.jar;C:\Users\marilia.santos\.m2\repository\org\opentest4j\opentest4j\1.1.0\opentest4j-1.1.0.jar;C:\Users\marilia.santos\.m2\repository\org\junit\platform\junit-platform-commons\1.2.0\junit-platform-commons-1.2.0.jar;C:\Users\marilia.santos\.m2\repository\org\mockito\mockito-core\2.22.0\mockito-core-2.22.0.jar;C:\Users\marilia.santos\.m2\repository\net\bytebuddy\byte-buddy\1.8.21\byte-buddy-1.8.21.jar;C:\Users\marilia.santos\.m2\repository\net\bytebuddy\byte-buddy-agent\1.8.21\byte-buddy-agent-1.8.21.jar;C:\Users\marilia.santos\.m2\repository\org\objenesis\objenesis\2.6\objenesis-2.6.jar;C:\Users\marilia.santos\.m2\repository\junit\junit\4.12\junit-4.12.jar;C:\Users\marilia.santos\.m2\repository\org\hamcrest\hamcrest-core\1.3\hamcrest-core-1.3.jar;"/>
    <property name="sun.cpu.endian" value="little"/>
    <property name="user.home" value="C:\Users\marilia.santos"/>
    <property name="user.language" value="en"/>
    <property name="java.specification.vendor" value="Oracle Corporation"/>
    <property name="java.version.date" value="2018-07-17"/>
    <property name="java.home" value="C:\Program Files\Java\jdk-10.0.2"/>
    <property name="file.separator" value="\"/>
    <property name="basedir" value="C:\Users\marilia.santos\IdeaProjects\unittester"/>
    <property name="java.vm.compressedOopsMode" value="32-bit"/>
    <property name="line.separator" value="&#10;"/>
    <property name="java.specification.name" value="Java Platform API Specification"/>
    <property name="java.vm.specification.vendor" value="Oracle Corporation"/>
    <property name="java.awt.graphicsenv" value="sun.awt.Win32GraphicsEnvironment"/>
    <property name="surefire.real.class.path" value="C:\Users\MARILI~1.SAN\AppData\Local\Temp\surefire14682619204799291511\surefirebooter3097938355767654361.jar"/>
    <property name="user.script" value=""/>
    <property name="sun.management.compiler" value="HotSpot 64-Bit Tiered Compilers"/>
    <property name="java.runtime.version" value="10.0.2+13"/>
    <property name="user.name" value="marilia.santos"/>
    <property name="path.separator" value=";"/>
    <property name="os.version" value="10.0"/>
    <property name="java.runtime.name" value="Java(TM) SE Runtime Environment"/>
    <property name="file.encoding" value="Cp1252"/>
    <property name="java.vm.name" value="Java HotSpot(TM) 64-Bit Server VM"/>
    <property name="java.vendor.version" value="18.3"/>
    <property name="localRepository" value="C:\Users\marilia.santos\.m2\repository"/>
    <property name="java.vendor.url.bug" value="http://bugreport.java.com/bugreport/"/>
    <property name="java.io.tmpdir" value="C:\Users\MARILI~1.SAN\AppData\Local\Temp\"/>
    <property name="idea.version" value="2018.2.2"/>
    <property name="java.version" value="10.0.2"/>
    <property name="user.dir" value="C:\Users\marilia.santos\IdeaProjects\unittester"/>
    <property name="os.arch" value="amd64"/>
    <property name="java.vm.specification.name" value="Java Virtual Machine Specification"/>
    <property name="java.awt.printerjob" value="sun.awt.windows.WPrinterJob"/>
    <property name="user.language.format" value="pt"/>
    <property name="sun.os.patch.level" value=""/>
    <property name="java.library.path" value="C:\Program Files\Java\jdk-10.0.2\bin;C:\windows\Sun\Java\bin;C:\windows\system32;C:\windows;C:\Program Files (x86)\Common Files\Oracle\Java\javapath;C:\windows\system32;C:\windows;C:\windows\System32\Wbem;C:\windows\System32\WindowsPowerShell\v1.0\;C:\Program Files\TortoiseSVN\bin;C:\Program Files\Intel\WiFi\bin\;C:\Program Files\Common Files\Intel\WirelessCommon\;C:\Users\marilia.santos\AppData\Local\Microsoft\WindowsApps;C:\Users\marilia.santos\AppData\Local\Programs\Git\cmd;."/>
    <property name="java.vendor" value="Oracle Corporation"/>
    <property name="java.vm.info" value="mixed mode"/>
    <property name="java.vm.version" value="10.0.2+13"/>
    <property name="sun.io.unicode.encoding" value="UnicodeLittle"/>
    <property name="java.class.version" value="54.0"/>
  </properties>
  <testcase name="testEmailCreationDateNaoPreenchido" classname="cesar.school.agile.unit.project.TestEmail" time="0.034"/>
  <testcase name="testEmailBccNaoPreenchido" classname="cesar.school.agile.unit.project.TestEmail" time="0.001"/>
  <testcase name="testEmailSubjectNaoPreenchido" classname="cesar.school.agile.unit.project.TestEmail" time="0.001"/>
  <testcase name="testEmailToNaoPreenchido" classname="cesar.school.agile.unit.project.TestEmail" time="0.002"/>
  <testcase name="testEmailPreenchido" classname="cesar.school.agile.unit.project.TestEmail" time="0.001"/>
  <testcase name="testGetSubjectValid" classname="cesar.school.agile.unit.project.TestEmail" time="0.001"/>
  <testcase name="testGetMessageValid" classname="cesar.school.agile.unit.project.TestEmail" time="0.001"/>
  <testcase name="testGetMessageNotValid" classname="cesar.school.agile.unit.project.TestEmail" time="0.001"/>
  <testcase name="testEmailMessageNaoPreenchido" classname="cesar.school.agile.unit.project.TestEmail" time="0"/>
  <testcase name="testEmailNaoPreenchido" classname="cesar.school.agile.unit.project.TestEmail" time="0"/>
  <testcase name="testEmailFromNaoPreenchido" classname="cesar.school.agile.unit.project.TestEmail" time="0"/>
  <testcase name="testEmailCcNaoPreenchido" classname="cesar.school.agile.unit.project.TestEmail" time="0"/>
  <testcase name="testGetSubjectNotValid" classname="cesar.school.agile.unit.project.TestEmail" time="0"/>
</testsuite>